Áramszünet miatt ellenőrizni: 9419115. 2022-08-01 - 08:00:00-tól 13:00:00-ig => Sárbogárd József node: Sárbogárd  József Attila utca 12.  (7051084)
Áramszünet miatt ellenőrizni: 9419121. 2022-08-01 - 12:00:00-tól 16:00:00-ig => Sárbogárd Tinódi node: Sárbogárd  Tinódy utca 110.  (7106336)
Áramszünet miatt ellenőrizni: 9419122. 2022-08-01 - 12:00:00-tól 16:00:00-ig => Sárbogárd Tinódi node: Sárbogárd  Tinódy utca 110.  (7106336)
Áramszünet miatt ellenőrizni: 9419112. 2022-08-01 - 08:00:00-tól 16:00:00-ig => Szálka node: Szálka  Kossuth Lajos utca 1.  (7146296)
Áramszünet miatt ellenőrizni: 9429611. 2022-08-02 - 08:00:00-tól 15:00:00-ig => Orfű Kőhegy, Tekeres node: Orfű  Szőlő utca 2.  (7469727)
Áramszünet miatt ellenőrizni: 9429633. 2022-08-02 - 08:00:00-tól 16:00:00-ig => Paks - Pál node: Paks  Pál utca 31.  (7146979)
Áramszünet miatt ellenőrizni: 9429646. 2022-08-02 - 08:00:00-tól 16:00:00-ig => Szálka node: Szálka  Kossuth Lajos utca 1.  (7146296)
Áramszünet miatt ellenőrizni: 9442171. 2022-08-03 - 08:00:00-tól 16:00:00-ig => Paks - Pál node: Paks  Pál utca 31.  (7146979)
Áramszünet miatt ellenőrizni: 9442189. 2022-08-03 - 08:00:00-tól 15:30:00-ig => Soponya Petőfi 70, Soponya Petőfi 186 node: Soponya  Petőfi utca 186.  (7580078)
Áramszünet miatt ellenőrizni: 9442190. 2022-08-03 - 08:00:00-tól 15:30:00-ig => Soponya Petőfi 70, Soponya Petőfi 186 node: Soponya  Petőfi utca 186.  (7580078)
Áramszünet miatt ellenőrizni: 9442188. 2022-08-03 - 08:00:00-tól 15:30:00-ig => Soponya Petőfi 70, Soponya Petőfi 186 node: Soponya  Petőfi utca 186.  (7580078)
Áramszünet miatt ellenőrizni: 9442194. 2022-08-03 - 08:00:00-tól 16:00:00-ig => Szálka node: Szálka  Kossuth Lajos utca 1.  (7146296)
Áramszünet miatt ellenőrizni: 9442195. 2022-08-03 - 08:00:00-tól 16:00:00-ig => Szálka node: Szálka  Kossuth Lajos utca 1.  (7146296)
Áramszünet miatt ellenőrizni: 9442198. 2022-08-03 - 08:00:00-tól 16:00:00-ig => Tamási - Miklósvár node: Tamási  Fő utca 2. MiklósvárONU (7174724)
Áramszünet miatt ellenőrizni: 9442199. 2022-08-03 - 08:00:00-tól 16:00:00-ig => Tamási - Miklósvár node: Tamási  Fő utca 2. MiklósvárONU (7174724)
Áramszünet miatt ellenőrizni: 9454906. 2022-08-04 - 08:00:00-tól 15:30:00-ig => Dunaföldvár - Béri node: Dunaföldvár  Béri Balogh Ádám utca 5. Béri_NODE (7173480)
Áramszünet miatt ellenőrizni: 9439617. 2022-08-04 - 09:00-tól - 13:00-ig => K14 - Vörösmarty node: Kiskőrös  Uzsoki utca 1.  (8163636)
Áramszünet miatt ellenőrizni: 9454929. 2022-08-04 - 08:00:00-tól 16:00:00-ig => Paks - Pál node: Paks  Pál utca 31.  (7146979)
Áramszünet miatt ellenőrizni: 9454969. 2022-08-04 - 08:00:00-tól 16:00:00-ig => Szálka node: Szálka  Kossuth Lajos utca 1.  (7146296)
Áramszünet miatt ellenőrizni: 9488283. 2022-08-05 - 08:30:00-tól 15:00:00-ig => Hőgyész2 - Arany 1530 node: Hőgyész  Arany János utca 38.  (7147017)
Áramszünet miatt ellenőrizni: 9488284. 2022-08-05 - 08:30:00-tól 15:00:00-ig => Hőgyész2 - Arany 1530 node: Hőgyész  Arany János utca 38.  (7147017)
Áramszünet miatt ellenőrizni: 9499260. 2022-08-08 - 08:00:00-tól 15:00:00-ig => Mőcsény node: Mőcsény  Béke utca 8.  (7550737)
Áramszünet miatt ellenőrizni: 9510113. 2022-08-09 - 12:00:00-tól 14:00:00-ig => Hőgyész3 - Tátra 1570 node: Hőgyész  Tátra utca 4.  (7147006)
Áramszünet miatt ellenőrizni: 9510119. 2022-08-09 - 08:00:00-tól 16:00:00-ig => Paks - Pál node: Paks  Pál utca 31.  (7146979)
Áramszünet miatt ellenőrizni: 9510120. 2022-08-09 - 08:00:00-tól 16:00:00-ig => Paks - Pál node: Paks  Pál utca 31.  (7146979)
Áramszünet miatt ellenőrizni: 9532967. 2022-08-11 - 08:00:00-tól 13:00:00-ig => Gyulaj - Rákóczi node: Gyulaj  Rákóczi Ferenc utca 2.  (7146399)
Áramszünet miatt ellenőrizni: 9532968. 2022-08-11 - 08:00:00-tól 13:00:00-ig => Gyulaj - Rákóczi node: Gyulaj  Rákóczi Ferenc utca 2.  (7146399)
Áramszünet miatt ellenőrizni: 9543489. 2022-08-12 - 08:00:00-tól 16:00:00-ig => Bonyhád - Dózsa node: Bonyhád  Dózsa György utca 1.  (7228465)
Áramszünet miatt ellenőrizni: 9543500. 2022-08-12 - 08:00:00-tól 16:00:00-ig => Dunaszentgyörgy Kereszt 1570 node: Dunaszentgyörgy  Kereszt utca 12.  (8540215)
Áramszünet miatt ellenőrizni: 9543524. 2022-08-12 - 08:00:00-tól 16:00:00-ig => Dunaszentgyörgy Táncsics 1490 node: Dunaszentgyörgy  Óvoda utca 68.  (8538967)
Áramszünet miatt ellenőrizni: 9543508. 2022-08-12 - 08:00:00-tól 16:00:00-ig => Dunaszentgyörgy Rákóczi 1470 - Tolnai 1610 node: Dunaszentgyörgy  Rákóczi Ferenc utca 76.  (8543276)
Áramszünet miatt ellenőrizni: 9543509. 2022-08-12 - 08:00:00-tól 16:00:00-ig => Dunaszentgyörgy Rákóczi 1470 - Tolnai 1610 node: Dunaszentgyörgy  Rákóczi Ferenc utca 76.  (8543276)
Áramszünet miatt ellenőrizni: 9543516. 2022-08-12 - 08:00:00-tól 16:00:00-ig => Dunaszentgyörgy Temető 1590 node: Dunaszentgyörgy  Temető utca 6.  (8540157)
Áramszünet miatt ellenőrizni: 9543517. 2022-08-12 - 08:00:00-tól 16:00:00-ig => Dunaszentgyörgy Rákóczi 1470 - Tolnai 1610 node: Dunaszentgyörgy  Tolnai Lajos utca 10.  (8539012)
Áramszünet miatt ellenőrizni: 9575882. 2022-08-15 - 08:00:00-tól 16:00:00-ig => Seregélyes - Arany, Seregélyes - Ady node: Seregélyes  Ady Endre utca 75.  (7246988)
Áramszünet miatt ellenőrizni: 9575883. 2022-08-15 - 08:00:00-tól 16:00:00-ig => Seregélyes - Arany, Seregélyes - Ady node: Seregélyes  Ady Endre utca 75.  (7246988)
Áramszünet miatt ellenőrizni: 9586974. 2022-08-16 - 08:30:00-tól 15:00:00-ig => Tolna - Avar node: Tolna  Avar utca 21. optika (7709751)
Áramszünet miatt ellenőrizni: 9586967. 2022-08-16 - 08:00:00-tól 16:00:00-ig => Tolna - Damjanich node: Tolna  Damjanich utca 23. optika (7710784)
Áramszünet miatt ellenőrizni: 9586968. 2022-08-16 - 08:00:00-tól 16:00:00-ig => Tolna - Damjanich node: Tolna  Damjanich utca 23. optika (7710784)
Áramszünet miatt ellenőrizni: 9586969. 2022-08-16 - 08:00:00-tól 16:00:00-ig => Tolna - Deák2 node: Tolna  Deák Ferenc utca 54.  (7146242)
Áramszünet miatt ellenőrizni: 9586970. 2022-08-16 - 08:00:00-tól 16:00:00-ig => Tolna - Deák2 node: Tolna  Deák Ferenc utca 54.  (7146242)
Áramszünet miatt ellenőrizni: 9586971. 2022-08-16 - 08:00:00-tól 16:00:00-ig => Tolna - Deák2 node: Tolna  Deák Ferenc utca 54.  (7146242)
Áramszünet miatt ellenőrizni: 9586997. 2022-08-16 - 08:00:00-tól 16:00:00-ig => Zalaegerszeg - Andráshida u.+Gazdaság 2. node: Zalaegerszeg  Andráshida utca 45.  (8518332)
Áramszünet miatt ellenőrizni: 9586998. 2022-08-16 - 08:00:00-tól 16:00:00-ig => Zalaegerszeg - Andráshida u.+Gazdaság 2. node: Zalaegerszeg  Andráshida utca 45.  (8518332)
Áramszünet miatt ellenőrizni: 9597665. 2022-08-17 - 08:00:00-tól 16:00:00-ig => Nagyszokoly 1 / 2 tervezett node: Nagyszokoly  Deák Ferenc utca 100.  (7034452)
Áramszünet miatt ellenőrizni: 9597684. 2022-08-17 - 08:00:00-tól 16:00:00-ig => Tolna - Damjanich node: Tolna  Damjanich utca 23. optika (7710784)
Áramszünet miatt ellenőrizni: 9597685. 2022-08-17 - 08:00:00-tól 16:00:00-ig => Tolna - Damjanich node: Tolna  Damjanich utca 23. optika (7710784)
Áramszünet miatt ellenőrizni: 9597686. 2022-08-17 - 08:00:00-tól 16:00:00-ig => Tolna - Deák2 node: Tolna  Deák Ferenc utca 54.  (7146242)
Áramszünet miatt ellenőrizni: 9597687. 2022-08-17 - 08:00:00-tól 16:00:00-ig => Tolna - Deák2 node: Tolna  Deák Ferenc utca 54.  (7146242)
Áramszünet miatt ellenőrizni: 9597688. 2022-08-17 - 08:00:00-tól 16:00:00-ig => Tolna - Deák2 node: Tolna  Deák Ferenc utca 54.  (7146242)
Áramszünet miatt ellenőrizni: 9598355. 2022-08-18 - 08:00:00-tól 16:00:00-ig => Dalmand node: Dalmand  Fő utca 15.  (7146187)
Áramszünet miatt ellenőrizni: 9598354. 2022-08-18 - 08:00:00-tól 16:00:00-ig => Dalmand node: Dalmand  Fő utca 15.  (7146187)
Áramszünet miatt ellenőrizni: 9598356. 2022-08-18 - 08:00:00-tól 16:00:00-ig => Dalmand node: Dalmand  Fő utca 15.  (7146187)
Áramszünet miatt ellenőrizni: 9598353. 2022-08-18 - 08:00:00-tól 16:00:00-ig => Dalmand node: Dalmand  Fő utca 15.  (7146187)
Áramszünet miatt ellenőrizni: 9598376. 2022-08-18 - 08:00:00-tól 16:00:00-ig => Nagyszokoly 1 / 2 tervezett node: Nagyszokoly  Deák Ferenc utca 100.  (7034452)
Áramszünet miatt ellenőrizni: 9598395. 2022-08-18 - 11:00:00-tól 15:00:00-ig => Simontornya Arany 1470 node: Simontornya  Arany János utca 1.  (7145762)
Áramszünet miatt ellenőrizni: 9598400. 2022-08-18 - 08:00:00-tól 15:00:00-ig => Szálka node: Szálka  Kossuth Lajos utca 1.  (7146296)
Áramszünet miatt ellenőrizni: 9598421. 2022-08-19 - 08:00:00-tól 16:00:00-ig => Tolna - Damjanich node: Tolna  Damjanich utca 23. optika (7710784)
Áramszünet miatt ellenőrizni: 9598422. 2022-08-19 - 08:00:00-tól 16:00:00-ig => Tolna - Damjanich node: Tolna  Damjanich utca 23. optika (7710784)
Áramszünet miatt ellenőrizni: 9598443. 2022-08-22 - 08:00:00-tól 12:00:00-ig => Hidas2 - Kodály node: Hidas  Kodály Zoltán utca 34.  (7228490)
Áramszünet miatt ellenőrizni: 9598445. 2022-08-22 - 08:00:00-tól 12:00:00-ig => Hidas1 - Kossuth 1550 node: Hidas  Kossuth Lajos utca 1.  (7228488)
Áramszünet miatt ellenőrizni: 9598446. 2022-08-22 - 08:00:00-tól 12:00:00-ig => Hidas1 - Kossuth 1550 node: Hidas  Kossuth Lajos utca 1.  (7228488)
Áramszünet miatt ellenőrizni: 9598444. 2022-08-22 - 08:00:00-tól 12:00:00-ig => Hidas1 - Kossuth 1550 node: Hidas  Kossuth Lajos utca 1.  (7228488)
Áramszünet miatt ellenőrizni: 9598458. 2022-08-22 - 08:00:00-tól 16:00:00-ig => Madocsa Ady 1470 node: Madocsa  Ady Endre utca 2.  (7939392)
Áramszünet miatt ellenőrizni: 9598478. 2022-08-22 - 09:00:00-tól 16:00:00-ig => Mohács - Jókai 1 node: Mohács  Jókai Mór utca 18.  (8069073)
Áramszünet miatt ellenőrizni: 9598483. 2022-08-22 - 08:00:00-tól 16:00:00-ig => Fadd - Volent-öböl, Tolna - Bajcsy II. node: Tolna  Bajcsy-Zsilinszky utca 71.  (8553227)
Áramszünet miatt ellenőrizni: 9598484. 2022-08-22 - 08:00:00-tól 16:00:00-ig => Fadd - Volent-öböl, Tolna - Bajcsy II. node: Tolna  Bajcsy-Zsilinszky utca 71.  (8553227)
Áramszünet miatt ellenőrizni: 9598495. 2022-08-23 - 08:00:00-tól 14:00:00-ig => Bak - Rózsa node: Bak  Rózsa utca 57.  (8519528)
Áramszünet miatt ellenőrizni: 9598497. 2022-08-23 - 09:00:00-tól 15:30:00-ig => Dunaföldvár - Dankó node: Dunaföldvár  Dankó Pista utca 4. NODE (7149389)
Áramszünet miatt ellenőrizni: 9598498. 2022-08-23 - 09:00:00-tól 15:30:00-ig => Dunaföldvár - Dankó node: Dunaföldvár  Dankó Pista utca 4. NODE (7149389)
Áramszünet miatt ellenőrizni: 9598510. 2022-08-23 - 08:00:00-tól 16:00:00-ig => Gyapa node: Paks  Cecei utca 27.  (7069793)
Áramszünet miatt ellenőrizni: 9598517. 2022-08-23 - 08:00:00-tól 16:00:00-ig => Sárbogárd József node: Sárbogárd  József Attila utca 12.  (7051084)
Áramszünet miatt ellenőrizni: 9598518. 2022-08-23 - 08:00:00-tól 16:00:00-ig => Sárbogárd József node: Sárbogárd  József Attila utca 12.  (7051084)
Áramszünet miatt ellenőrizni: 9598520. 2022-08-23 - 08:00:00-tól 16:00:00-ig => Fadd - Volent-öböl, Tolna - Bajcsy II. node: Tolna  Bajcsy-Zsilinszky utca 71.  (8553227)
Áramszünet miatt ellenőrizni: 9598521. 2022-08-23 - 08:00:00-tól 16:00:00-ig => Fadd - Volent-öböl, Tolna - Bajcsy II. node: Tolna  Bajcsy-Zsilinszky utca 71.  (8553227)
Áramszünet miatt ellenőrizni: 9598546. 2022-08-24 - 08:00:00-tól 16:00:00-ig => Fadd - Volent-öböl, Tolna - Bajcsy II. node: Tolna  Bajcsy-Zsilinszky utca 71.  (8553227)
Áramszünet miatt ellenőrizni: 9598547. 2022-08-24 - 08:00:00-tól 16:00:00-ig => Fadd - Volent-öböl, Tolna - Bajcsy II. node: Tolna  Bajcsy-Zsilinszky utca 71.  (8553227)
Áramszünet miatt ellenőrizni: 9598584. 2022-08-25 - 09:00:00-tól 15:00:00-ig => Nagymányok1 - József 1530 node: Nagymányok  József Attila utca 10.  (7110276)
Áramszünet miatt ellenőrizni: 9598591. 2022-08-25 - 09:00:00-tól 15:00:00-ig => Nagymányok2 - Petőfi 1470 node: Nagymányok  Petőfi Sándor utca 70.  (7106096)
Áramszünet miatt ellenőrizni: 9598599. 2022-08-25 - 08:00:00-tól 16:00:00-ig => Fadd - Volent-öböl, Tolna - Bajcsy II. node: Tolna  Bajcsy-Zsilinszky utca 71.  (8553227)
Áramszünet miatt ellenőrizni: 9598600. 2022-08-25 - 08:00:00-tól 16:00:00-ig => Fadd - Volent-öböl, Tolna - Bajcsy II. node: Tolna  Bajcsy-Zsilinszky utca 71.  (8553227)
Áramszünet miatt ellenőrizni: 9595373. 2022-08-26 - 08:00-tól - 15:00-ig => Dunapataj 7. Arany-Golya node: Dunapataj Gólya utca 16. 451/3 hrsz. (8556260)
Áramszünet miatt ellenőrizni: 9595482. 2022-08-26 - 08:00-tól - 16:00-ig => K4 - RF ONU node: Kiskőrös  Petőfi Sándor tér 3.  (8170173)
Áramszünet miatt ellenőrizni: 9598620. 2022-08-26 - 08:00:00-tól 16:00:00-ig => Fadd - Volent-öböl, Tolna - Bajcsy II. node: Tolna  Bajcsy-Zsilinszky utca 71.  (8553227)
Áramszünet miatt ellenőrizni: 9598649. 2022-08-29 - 09:00:00-tól 14:00:00-ig => Máza Falu node: Máza  Kossuth utca 56.  (7228500)
Áramszünet miatt ellenőrizni: 9598660. 2022-08-29 - 09:00:00-tól 14:00:00-ig => Szászvár1 - Petőfi node: Szászvár  Petőfi Sándor utca 1.  (7228475)
Áramszünet miatt ellenőrizni: 9598679. 2022-08-30 - 09:00:00-tól 14:00:00-ig => Kárász node: Kárász  Petőfi Sándor utca 33.  (7571840)
Áramszünet miatt ellenőrizni: 9598680. 2022-08-30 - 09:00:00-tól 14:00:00-ig => Kárász node: Kárász  Petőfi Sándor utca 33.  (7571840)
Áramszünet miatt ellenőrizni: 9598703. 2022-08-31 - 08:00:00-tól 16:00:00-ig => Dombóvár - Bajcsy node: Dombóvár  Berzsenyi utca 31.  (7730709)
Áramszünet miatt ellenőrizni: 9598832. 2022-09-06 - 08:00:00-tól 09:30:00-ig => Kurd 1 - Hunyadi node: Kurd  Hunyadi János utca 1.  (7145820)
Áramszünet miatt ellenőrizni: 9598860. 2022-09-07 - 08:00:00-tól 15:00:00-ig => Szekszárd - Bocskai DeepFiber node: Szekszárd  Bethlen Gábor utca 42.  (8065904)
Áramszünet miatt ellenőrizni: 9598888. 2022-09-08 - 08:00:00-tól 15:00:00-ig => Szekszárd - Bocskai DeepFiber node: Szekszárd  Bethlen Gábor utca 42.  (8065904)
Áramszünet miatt ellenőrizni: 9598919. 2022-09-09 - 08:00:00-tól 15:00:00-ig => Szekszárd - Bocskai DeepFiber node: Szekszárd  Bethlen Gábor utca 42.  (8065904)
Áramszünet miatt ellenőrizni: 9598951. 2022-09-12 - 08:00:00-tól 16:00:00-ig => Tamási - Rákóczi node: Tamási  Rákóczi utca 1.  (7146248)
Áramszünet miatt ellenőrizni: 9598979. 2022-09-15 - 08:30:00-tól 15:00:00-ig => Miszla node: Miszla  Fő utca 62.  (7112174)
Áramszünet miatt ellenőrizni: 9598980. 2022-09-15 - 08:30:00-tól 15:00:00-ig => Miszla node: Miszla  Fő utca 62.  (7112174)
Áramszünet miatt ellenőrizni: 9598978. 2022-09-15 - 08:30:00-tól 15:00:00-ig => Miszla node: Miszla  Fő utca 62.  (7112174)
Áramszünet miatt ellenőrizni: 9598995. 2022-09-19 - 08:00:00-tól 16:00:00-ig => Fadd - Volent-öböl, Tolna - Bajcsy II. node: Tolna  Bajcsy-Zsilinszky utca 71.  (8553227)
Áramszünet miatt ellenőrizni: 9598994. 2022-09-19 - 08:00:00-tól 16:00:00-ig => Fadd - Volent-öböl, Tolna - Bajcsy II. node: Tolna  Bajcsy-Zsilinszky utca 71.  (8553227)
Áramszünet miatt ellenőrizni: 9598997. 2022-09-19 - 08:00:00-tól 16:00:00-ig => Fadd - Volent-öböl, Tolna - Bajcsy II. node: Tolna  Bajcsy-Zsilinszky utca 71.  (8553227)
Áramszünet miatt ellenőrizni: 9598996. 2022-09-19 - 08:00:00-tól 16:00:00-ig => Fadd - Volent-öböl, Tolna - Bajcsy II. node: Tolna  Bajcsy-Zsilinszky utca 71.  (8553227)
Áramszünet miatt ellenőrizni: 9599009. 2022-09-20 - 09:00:00-tól 13:00:00-ig => Zomba Ady 1590 node: Zomba  Ady Endre utca 2.  (8567175)
Áramszünet miatt ellenőrizni: 9599010. 2022-09-20 - 09:00:00-tól 13:00:00-ig => Zomba Ady 1590 node: Zomba  Ady Endre utca 2.  (8567175)
Áramszünet miatt ellenőrizni: 9419115. 2022-08-01 - 08:00:00-tól 13:00:00-ig; József Attila utca - Egész utca => Sárbogárd József node: Sárbogárd  József Attila utca 12.  (7051084)
Áramszünet miatt ellenőrizni: 9419121. 2022-08-01 - 12:00:00-tól 16:00:00-ig; Tinódy utca - Páratlan házszám: 1 - 43 => Sárbogárd Tinódi node: Sárbogárd  Tinódy utca 110.  (7106336)
Áramszünet miatt ellenőrizni: 9419122. 2022-08-01 - 12:00:00-tól 16:00:00-ig; Tinódy utca - Páros házszám: 2 - 44 => Sárbogárd Tinódi node: Sárbogárd  Tinódy utca 110.  (7106336)
Áramszünet miatt ellenőrizni: 9419112. 2022-08-01 - 08:00:00-tól 16:00:00-ig; Kossuth Lajos utca: 78 - 79 => Szálka node: Szálka  Kossuth Lajos utca 1.  (7146296)
Áramszünet miatt ellenőrizni: 9429611. 2022-08-02 - 08:00:00-tól 15:00:00-ig; Szőlő utca - Egész utca => Orfű Kőhegy, Tekeres node: Orfű  Szőlő utca 2.  (7469727)
Áramszünet miatt ellenőrizni: 9429633. 2022-08-02 - 08:00:00-tól 16:00:00-ig; Pál utca - Páratlan házszám: 1 - => Paks - Pál node: Paks  Pál utca 31.  (7146979)
Áramszünet miatt ellenőrizni: 9429646. 2022-08-02 - 08:00:00-tól 16:00:00-ig; Kossuth Lajos utca: 1 - 47 => Szálka node: Szálka  Kossuth Lajos utca 1.  (7146296)
Áramszünet miatt ellenőrizni: 9442171. 2022-08-03 - 08:00:00-tól 16:00:00-ig; Pál utca - Páratlan házszám: 1 - => Paks - Pál node: Paks  Pál utca 31.  (7146979)
Áramszünet miatt ellenőrizni: 9442189. 2022-08-03 - 08:00:00-tól 15:30:00-ig; Petőfi utca - Páratlan házszám: 187 - 207 => Soponya Petőfi 70, Soponya Petőfi 186 node: Soponya  Petőfi utca 186.  (7580078)
Áramszünet miatt ellenőrizni: 9442190. 2022-08-03 - 08:00:00-tól 15:30:00-ig; Petőfi utca - Páros házszám: 156 - 178 => Soponya Petőfi 70, Soponya Petőfi 186 node: Soponya  Petőfi utca 186.  (7580078)
Áramszünet miatt ellenőrizni: 9442188. 2022-08-03 - 08:00:00-tól 15:30:00-ig; Petőfi utca: 186 - => Soponya Petőfi 70, Soponya Petőfi 186 node: Soponya  Petőfi utca 186.  (7580078)
Áramszünet miatt ellenőrizni: 9442194. 2022-08-03 - 08:00:00-tól 16:00:00-ig; Kossuth Lajos utca: 1 - 36 => Szálka node: Szálka  Kossuth Lajos utca 1.  (7146296)
Áramszünet miatt ellenőrizni: 9442195. 2022-08-03 - 08:00:00-tól 16:00:00-ig; Kossuth Lajos utca: 37 - 47 => Szálka node: Szálka  Kossuth Lajos utca 1.  (7146296)
Áramszünet miatt ellenőrizni: 9442198. 2022-08-03 - 08:00:00-tól 16:00:00-ig; Fő utca - Páratlan házszám: 21 - 77 => Tamási - Miklósvár node: Tamási  Fő utca 2. MiklósvárONU (7174724)
Áramszünet miatt ellenőrizni: 9442199. 2022-08-03 - 08:00:00-tól 16:00:00-ig; Fő utca - Páros házszám: 30 - 80 => Tamási - Miklósvár node: Tamási  Fő utca 2. MiklósvárONU (7174724)
Áramszünet miatt ellenőrizni: 9454906. 2022-08-04 - 08:00:00-tól 15:30:00-ig; Béri Balogh Ádám utca: 1 - => Dunaföldvár - Béri node: Dunaföldvár  Béri Balogh Ádám utca 5. Béri_NODE (7173480)
Áramszünet miatt ellenőrizni: 9439617. 2022-08-04 - 09:00-tól - 13:00-ig; Uzsoki utca 67. - 71., 66. - 76. => K14 - Vörösmarty node: Kiskőrös  Uzsoki utca 1.  (8163636)
Áramszünet miatt ellenőrizni: 9454929. 2022-08-04 - 08:00:00-tól 16:00:00-ig; Pál utca - Páratlan házszám: 1 - => Paks - Pál node: Paks  Pál utca 31.  (7146979)
Áramszünet miatt ellenőrizni: 9454969. 2022-08-04 - 08:00:00-tól 16:00:00-ig; Kossuth Lajos utca: 1 - 37 => Szálka node: Szálka  Kossuth Lajos utca 1.  (7146296)
Áramszünet miatt ellenőrizni: 9488283. 2022-08-05 - 08:30:00-tól 15:00:00-ig; Arany János utca - Páratlan házszám: 41 - 117 => Hőgyész2 - Arany 1530 node: Hőgyész  Arany János utca 38.  (7147017)
Áramszünet miatt ellenőrizni: 9488284. 2022-08-05 - 08:30:00-tól 15:00:00-ig; Arany János utca - Páros házszám: 24 - 98 => Hőgyész2 - Arany 1530 node: Hőgyész  Arany János utca 38.  (7147017)
Áramszünet miatt ellenőrizni: 9499260. 2022-08-08 - 08:00:00-tól 15:00:00-ig; Béke utca: 72 - 83 => Mőcsény node: Mőcsény  Béke utca 8.  (7550737)
Áramszünet miatt ellenőrizni: 9510113. 2022-08-09 - 12:00:00-tól 14:00:00-ig; Tátra utca - Páros házszám: 6 - => Hőgyész3 - Tátra 1570 node: Hőgyész  Tátra utca 4.  (7147006)
Áramszünet miatt ellenőrizni: 9510119. 2022-08-09 - 08:00:00-tól 16:00:00-ig; Pál utca - Páratlan házszám: 11 - 31 => Paks - Pál node: Paks  Pál utca 31.  (7146979)
Áramszünet miatt ellenőrizni: 9510120. 2022-08-09 - 08:00:00-tól 16:00:00-ig; Pál utca - Páros házszám: 14 - 36 => Paks - Pál node: Paks  Pál utca 31.  (7146979)
Áramszünet miatt ellenőrizni: 9532967. 2022-08-11 - 08:00:00-tól 13:00:00-ig; Rákóczi Ferenc utca - Páratlan házszám: 1 - 15 => Gyulaj - Rákóczi node: Gyulaj  Rákóczi Ferenc utca 2.  (7146399)
Áramszünet miatt ellenőrizni: 9532968. 2022-08-11 - 08:00:00-tól 13:00:00-ig; Rákóczi Ferenc utca - Páros házszám: 2 - 30 => Gyulaj - Rákóczi node: Gyulaj  Rákóczi Ferenc utca 2.  (7146399)
Áramszünet miatt ellenőrizni: 9543489. 2022-08-12 - 08:00:00-tól 16:00:00-ig; Dózsa György utca - Páros házszám: 2 - 4 => Bonyhád - Dózsa node: Bonyhád  Dózsa György utca 1.  (7228465)
Áramszünet miatt ellenőrizni: 9543500. 2022-08-12 - 08:00:00-tól 16:00:00-ig; Kereszt utca - Egész utca => Dunaszentgyörgy Kereszt 1570 node: Dunaszentgyörgy  Kereszt utca 12.  (8540215)
Áramszünet miatt ellenőrizni: 9543524. 2022-08-12 - 08:00:00-tól 16:00:00-ig; Óvoda utca - Egész utca => Dunaszentgyörgy Táncsics 1490 node: Dunaszentgyörgy  Óvoda utca 68.  (8538967)
Áramszünet miatt ellenőrizni: 9543508. 2022-08-12 - 08:00:00-tól 16:00:00-ig; Rákóczi Ferenc utca - Páratlan házszám: 67 - 143 => Dunaszentgyörgy Rákóczi 1470 - Tolnai 1610 node: Dunaszentgyörgy  Rákóczi Ferenc utca 76.  (8543276)
Áramszünet miatt ellenőrizni: 9543509. 2022-08-12 - 08:00:00-tól 16:00:00-ig; Rákóczi Ferenc utca - Páros házszám: 76 - 136 => Dunaszentgyörgy Rákóczi 1470 - Tolnai 1610 node: Dunaszentgyörgy  Rákóczi Ferenc utca 76.  (8543276)
Áramszünet miatt ellenőrizni: 9543516. 2022-08-12 - 08:00:00-tól 16:00:00-ig; Temető utca - Egész utca => Dunaszentgyörgy Temető 1590 node: Dunaszentgyörgy  Temető utca 6.  (8540157)
Áramszünet miatt ellenőrizni: 9543517. 2022-08-12 - 08:00:00-tól 16:00:00-ig; Tolnai Lajos utca - Egész utca => Dunaszentgyörgy Rákóczi 1470 - Tolnai 1610 node: Dunaszentgyörgy  Tolnai Lajos utca 10.  (8539012)
Áramszünet miatt ellenőrizni: 9575882. 2022-08-15 - 08:00:00-tól 16:00:00-ig; Ady Endre utca - Páratlan házszám: 1 - 103 => Seregélyes - Arany, Seregélyes - Ady node: Seregélyes  Ady Endre utca 75.  (7246988)
Áramszünet miatt ellenőrizni: 9575883. 2022-08-15 - 08:00:00-tól 16:00:00-ig; Ady Endre utca - Páros házszám: 2 - 118 => Seregélyes - Arany, Seregélyes - Ady node: Seregélyes  Ady Endre utca 75.  (7246988)
Áramszünet miatt ellenőrizni: 9586974. 2022-08-16 - 08:30:00-tól 15:00:00-ig; Avar utca - Egész utca => Tolna - Avar node: Tolna  Avar utca 21. optika (7709751)
Áramszünet miatt ellenőrizni: 9586967. 2022-08-16 - 08:00:00-tól 16:00:00-ig; Damjanich utca: 1 - 15 => Tolna - Damjanich node: Tolna  Damjanich utca 23. optika (7710784)
Áramszünet miatt ellenőrizni: 9586968. 2022-08-16 - 08:00:00-tól 16:00:00-ig; Damjanich utca: 29 - 44 => Tolna - Damjanich node: Tolna  Damjanich utca 23. optika (7710784)
Áramszünet miatt ellenőrizni: 9586969. 2022-08-16 - 08:00:00-tól 16:00:00-ig; Deák Ferenc utca: 1 - 14 => Tolna - Deák2 node: Tolna  Deák Ferenc utca 54.  (7146242)
Áramszünet miatt ellenőrizni: 9586970. 2022-08-16 - 08:00:00-tól 16:00:00-ig; Deák Ferenc utca: 16 - 19 => Tolna - Deák2 node: Tolna  Deák Ferenc utca 54.  (7146242)
Áramszünet miatt ellenőrizni: 9586971. 2022-08-16 - 08:00:00-tól 16:00:00-ig; Deák Ferenc utca: 83 - 93 => Tolna - Deák2 node: Tolna  Deák Ferenc utca 54.  (7146242)
Áramszünet miatt ellenőrizni: 9586997. 2022-08-16 - 08:00:00-tól 16:00:00-ig; Andráshida utca - Páratlan házszám: 19 - 59 => Zalaegerszeg - Andráshida u.+Gazdaság 2. node: Zalaegerszeg  Andráshida utca 45.  (8518332)
Áramszünet miatt ellenőrizni: 9586998. 2022-08-16 - 08:00:00-tól 16:00:00-ig; Andráshida utca - Páros házszám: 18 - 48 => Zalaegerszeg - Andráshida u.+Gazdaság 2. node: Zalaegerszeg  Andráshida utca 45.  (8518332)
Áramszünet miatt ellenőrizni: 9597665. 2022-08-17 - 08:00:00-tól 16:00:00-ig; Deák Ferenc utca - Egész utca => Nagyszokoly 1 / 2 tervezett node: Nagyszokoly  Deák Ferenc utca 100.  (7034452)
Áramszünet miatt ellenőrizni: 9597684. 2022-08-17 - 08:00:00-tól 16:00:00-ig; Damjanich utca: 1 - 15 => Tolna - Damjanich node: Tolna  Damjanich utca 23. optika (7710784)
Áramszünet miatt ellenőrizni: 9597685. 2022-08-17 - 08:00:00-tól 16:00:00-ig; Damjanich utca: 29 - 44 => Tolna - Damjanich node: Tolna  Damjanich utca 23. optika (7710784)
Áramszünet miatt ellenőrizni: 9597686. 2022-08-17 - 08:00:00-tól 16:00:00-ig; Deák Ferenc utca: 1 - 14 => Tolna - Deák2 node: Tolna  Deák Ferenc utca 54.  (7146242)
Áramszünet miatt ellenőrizni: 9597687. 2022-08-17 - 08:00:00-tól 16:00:00-ig; Deák Ferenc utca: 16 - 19 => Tolna - Deák2 node: Tolna  Deák Ferenc utca 54.  (7146242)
Áramszünet miatt ellenőrizni: 9597688. 2022-08-17 - 08:00:00-tól 16:00:00-ig; Deák Ferenc utca: 83 - 93 => Tolna - Deák2 node: Tolna  Deák Ferenc utca 54.  (7146242)
Áramszünet miatt ellenőrizni: 9598355. 2022-08-18 - 08:00:00-tól 16:00:00-ig; Fő utca - Páratlan házszám: 31 - 35 => Dalmand node: Dalmand  Fő utca 15.  (7146187)
Áramszünet miatt ellenőrizni: 9598354. 2022-08-18 - 08:00:00-tól 16:00:00-ig; Fő utca - Páratlan házszám: 31 - 35 => Dalmand node: Dalmand  Fő utca 15.  (7146187)
Áramszünet miatt ellenőrizni: 9598356. 2022-08-18 - 08:00:00-tól 16:00:00-ig; Fő utca - Páros házszám: 12 - 42 => Dalmand node: Dalmand  Fő utca 15.  (7146187)
Áramszünet miatt ellenőrizni: 9598353. 2022-08-18 - 08:00:00-tól 16:00:00-ig; Fő utca: 133/1 - => Dalmand node: Dalmand  Fő utca 15.  (7146187)
Áramszünet miatt ellenőrizni: 9598376. 2022-08-18 - 08:00:00-tól 16:00:00-ig; Deák Ferenc utca - Egész utca => Nagyszokoly 1 / 2 tervezett node: Nagyszokoly  Deák Ferenc utca 100.  (7034452)
Áramszünet miatt ellenőrizni: 9598395. 2022-08-18 - 11:00:00-tól 15:00:00-ig; Arany János utca - Egész utca => Simontornya Arany 1470 node: Simontornya  Arany János utca 1.  (7145762)
Áramszünet miatt ellenőrizni: 9598400. 2022-08-18 - 08:00:00-tól 15:00:00-ig; Kossuth Lajos utca - Egész utca => Szálka node: Szálka  Kossuth Lajos utca 1.  (7146296)
Áramszünet miatt ellenőrizni: 9598421. 2022-08-19 - 08:00:00-tól 16:00:00-ig; Damjanich utca: 16 - 21 => Tolna - Damjanich node: Tolna  Damjanich utca 23. optika (7710784)
Áramszünet miatt ellenőrizni: 9598422. 2022-08-19 - 08:00:00-tól 16:00:00-ig; Damjanich utca: 23 - 28 => Tolna - Damjanich node: Tolna  Damjanich utca 23. optika (7710784)
Áramszünet miatt ellenőrizni: 9598443. 2022-08-22 - 08:00:00-tól 12:00:00-ig; Kodály Zoltán utca - Egész utca => Hidas2 - Kodály node: Hidas  Kodály Zoltán utca 34.  (7228490)
Áramszünet miatt ellenőrizni: 9598445. 2022-08-22 - 08:00:00-tól 12:00:00-ig; Kossuth Lajos utca - Páratlan házszám: 141 - 153 => Hidas1 - Kossuth 1550 node: Hidas  Kossuth Lajos utca 1.  (7228488)
Áramszünet miatt ellenőrizni: 9598446. 2022-08-22 - 08:00:00-tól 12:00:00-ig; Kossuth Lajos utca - Páros házszám: 120 - 132 => Hidas1 - Kossuth 1550 node: Hidas  Kossuth Lajos utca 1.  (7228488)
Áramszünet miatt ellenőrizni: 9598444. 2022-08-22 - 08:00:00-tól 12:00:00-ig; Kossuth Lajos utca: 14 - 79 => Hidas1 - Kossuth 1550 node: Hidas  Kossuth Lajos utca 1.  (7228488)
Áramszünet miatt ellenőrizni: 9598458. 2022-08-22 - 08:00:00-tól 16:00:00-ig; Ady Endre utca - Egész utca => Madocsa Ady 1470 node: Madocsa  Ady Endre utca 2.  (7939392)
Áramszünet miatt ellenőrizni: 9598478. 2022-08-22 - 09:00:00-tól 16:00:00-ig; Jókai Mór utca - Páros házszám: 40 - => Mohács - Jókai 1 node: Mohács  Jókai Mór utca 18.  (8069073)
Áramszünet miatt ellenőrizni: 9598483. 2022-08-22 - 08:00:00-tól 16:00:00-ig; Bajcsy-Zsilinszky utca: 27 - 71 => Fadd - Volent-öböl, Tolna - Bajcsy II. node: Tolna  Bajcsy-Zsilinszky utca 71.  (8553227)
Áramszünet miatt ellenőrizni: 9598484. 2022-08-22 - 08:00:00-tól 16:00:00-ig; Bajcsy-Zsilinszky utca: 74 - 103 => Fadd - Volent-öböl, Tolna - Bajcsy II. node: Tolna  Bajcsy-Zsilinszky utca 71.  (8553227)
Áramszünet miatt ellenőrizni: 9598495. 2022-08-23 - 08:00:00-tól 14:00:00-ig; Rózsa utca - Egész utca => Bak - Rózsa node: Bak  Rózsa utca 57.  (8519528)
Áramszünet miatt ellenőrizni: 9598497. 2022-08-23 - 09:00:00-tól 15:30:00-ig; Dankó Pista utca - Páratlan házszám: 1 - 25 => Dunaföldvár - Dankó node: Dunaföldvár  Dankó Pista utca 4. NODE (7149389)
Áramszünet miatt ellenőrizni: 9598498. 2022-08-23 - 09:00:00-tól 15:30:00-ig; Dankó Pista utca - Páros házszám: 20 - 32 => Dunaföldvár - Dankó node: Dunaföldvár  Dankó Pista utca 4. NODE (7149389)
Áramszünet miatt ellenőrizni: 9598510. 2022-08-23 - 08:00:00-tól 16:00:00-ig; Cecei utca: 1 - 27 => Gyapa node: Paks  Cecei utca 27.  (7069793)
Áramszünet miatt ellenőrizni: 9598517. 2022-08-23 - 08:00:00-tól 16:00:00-ig; József Attila utca - Páratlan házszám: 59 - 75 => Sárbogárd József node: Sárbogárd  József Attila utca 12.  (7051084)
Áramszünet miatt ellenőrizni: 9598518. 2022-08-23 - 08:00:00-tól 16:00:00-ig; József Attila utca - Páros házszám: 36 - 70 => Sárbogárd József node: Sárbogárd  József Attila utca 12.  (7051084)
Áramszünet miatt ellenőrizni: 9598520. 2022-08-23 - 08:00:00-tól 16:00:00-ig; Bajcsy-Zsilinszky utca: 27 - 71 => Fadd - Volent-öböl, Tolna - Bajcsy II. node: Tolna  Bajcsy-Zsilinszky utca 71.  (8553227)
Áramszünet miatt ellenőrizni: 9598521. 2022-08-23 - 08:00:00-tól 16:00:00-ig; Bajcsy-Zsilinszky utca: 74 - 103 => Fadd - Volent-öböl, Tolna - Bajcsy II. node: Tolna  Bajcsy-Zsilinszky utca 71.  (8553227)
Áramszünet miatt ellenőrizni: 9598546. 2022-08-24 - 08:00:00-tól 16:00:00-ig; Bajcsy-Zsilinszky utca: 1 - 24 => Fadd - Volent-öböl, Tolna - Bajcsy II. node: Tolna  Bajcsy-Zsilinszky utca 71.  (8553227)
Áramszünet miatt ellenőrizni: 9598547. 2022-08-24 - 08:00:00-tól 16:00:00-ig; Bajcsy-Zsilinszky utca: 104 - 119 => Fadd - Volent-öböl, Tolna - Bajcsy II. node: Tolna  Bajcsy-Zsilinszky utca 71.  (8553227)
Áramszünet miatt ellenőrizni: 9598584. 2022-08-25 - 09:00:00-tól 15:00:00-ig; József Attila utca - Egész utca => Nagymányok1 - József 1530 node: Nagymányok  József Attila utca 10.  (7110276)
Áramszünet miatt ellenőrizni: 9598591. 2022-08-25 - 09:00:00-tól 15:00:00-ig; Petőfi Sándor utca: 75 - => Nagymányok2 - Petőfi 1470 node: Nagymányok  Petőfi Sándor utca 70.  (7106096)
Áramszünet miatt ellenőrizni: 9598599. 2022-08-25 - 08:00:00-tól 16:00:00-ig; Bajcsy-Zsilinszky utca: 1 - 24 => Fadd - Volent-öböl, Tolna - Bajcsy II. node: Tolna  Bajcsy-Zsilinszky utca 71.  (8553227)
Áramszünet miatt ellenőrizni: 9598600. 2022-08-25 - 08:00:00-tól 16:00:00-ig; Bajcsy-Zsilinszky utca: 108 - 119 => Fadd - Volent-öböl, Tolna - Bajcsy II. node: Tolna  Bajcsy-Zsilinszky utca 71.  (8553227)
Áramszünet miatt ellenőrizni: 9595373. 2022-08-26 - 08:00-tól - 15:00-ig; Gólya utca 1. - 11., 4. - 14. => Dunapataj 7. Arany-Golya node: Dunapataj Gólya utca 16. 451/3 hrsz. (8556260)
Áramszünet miatt ellenőrizni: 9595482. 2022-08-26 - 08:00-tól - 16:00-ig; Petőfi Sándor utca 27. - 89., 24. - 78. => K4 - RF ONU node: Kiskőrös  Petőfi Sándor tér 3.  (8170173)
Áramszünet miatt ellenőrizni: 9598620. 2022-08-26 - 08:00:00-tól 16:00:00-ig; Bajcsy-Zsilinszky utca - Páros házszám: 72 - => Fadd - Volent-öböl, Tolna - Bajcsy II. node: Tolna  Bajcsy-Zsilinszky utca 71.  (8553227)
Áramszünet miatt ellenőrizni: 9598649. 2022-08-29 - 09:00:00-tól 14:00:00-ig; Kossuth utca - Egész utca => Máza Falu node: Máza  Kossuth utca 56.  (7228500)
Áramszünet miatt ellenőrizni: 9598660. 2022-08-29 - 09:00:00-tól 14:00:00-ig; Petőfi Sándor utca - Egész utca => Szászvár1 - Petőfi node: Szászvár  Petőfi Sándor utca 1.  (7228475)
Áramszünet miatt ellenőrizni: 9598679. 2022-08-30 - 09:00:00-tól 14:00:00-ig; Petőfi Sándor utca - Páratlan házszám: 11 - 33 => Kárász node: Kárász  Petőfi Sándor utca 33.  (7571840)
Áramszünet miatt ellenőrizni: 9598680. 2022-08-30 - 09:00:00-tól 14:00:00-ig; Petőfi Sándor utca - Páros házszám: 28 - 58 => Kárász node: Kárász  Petőfi Sándor utca 33.  (7571840)
Áramszünet miatt ellenőrizni: 9598703. 2022-08-31 - 08:00:00-tól 16:00:00-ig; Berzsenyi utca - Páros házszám: 34 - 44 => Dombóvár - Bajcsy node: Dombóvár  Berzsenyi utca 31.  (7730709)
Áramszünet miatt ellenőrizni: 9598832. 2022-09-06 - 08:00:00-tól 09:30:00-ig; Hunyadi János utca - Egész utca => Kurd 1 - Hunyadi node: Kurd  Hunyadi János utca 1.  (7145820)
Áramszünet miatt ellenőrizni: 9598860. 2022-09-07 - 08:00:00-tól 15:00:00-ig; Bethlen Gábor utca - Páros házszám: 2 - => Szekszárd - Bocskai DeepFiber node: Szekszárd  Bethlen Gábor utca 42.  (8065904)
Áramszünet miatt ellenőrizni: 9598888. 2022-09-08 - 08:00:00-tól 15:00:00-ig; Bethlen Gábor utca - Páros házszám: 2 - => Szekszárd - Bocskai DeepFiber node: Szekszárd  Bethlen Gábor utca 42.  (8065904)
Áramszünet miatt ellenőrizni: 9598919. 2022-09-09 - 08:00:00-tól 15:00:00-ig; Bethlen Gábor utca - Páros házszám: 2 - => Szekszárd - Bocskai DeepFiber node: Szekszárd  Bethlen Gábor utca 42.  (8065904)
Áramszünet miatt ellenőrizni: 9598951. 2022-09-12 - 08:00:00-tól 16:00:00-ig; Rákóczi utca - Páros házszám: 30 - 32 => Tamási - Rákóczi node: Tamási  Rákóczi utca 1.  (7146248)
Áramszünet miatt ellenőrizni: 9598979. 2022-09-15 - 08:30:00-tól 15:00:00-ig; Fő utca: 248 - 279 => Miszla node: Miszla  Fő utca 62.  (7112174)
Áramszünet miatt ellenőrizni: 9598980. 2022-09-15 - 08:30:00-tól 15:00:00-ig; Fő utca: 293 - => Miszla node: Miszla  Fő utca 62.  (7112174)
Áramszünet miatt ellenőrizni: 9598978. 2022-09-15 - 08:30:00-tól 15:00:00-ig; Fő utca: 44 - 63 => Miszla node: Miszla  Fő utca 62.  (7112174)
Áramszünet miatt ellenőrizni: 9598995. 2022-09-19 - 08:00:00-tól 16:00:00-ig; Bajcsy-Zsilinszky utca - Páratlan házszám: 109 - 119 => Fadd - Volent-öböl, Tolna - Bajcsy II. node: Tolna  Bajcsy-Zsilinszky utca 71.  (8553227)
Áramszünet miatt ellenőrizni: 9598994. 2022-09-19 - 08:00:00-tól 16:00:00-ig; Bajcsy-Zsilinszky utca - Páratlan házszám: 5 - 23 => Fadd - Volent-öböl, Tolna - Bajcsy II. node: Tolna  Bajcsy-Zsilinszky utca 71.  (8553227)
Áramszünet miatt ellenőrizni: 9598997. 2022-09-19 - 08:00:00-tól 16:00:00-ig; Bajcsy-Zsilinszky utca - Páros házszám: 108 - 120 => Fadd - Volent-öböl, Tolna - Bajcsy II. node: Tolna  Bajcsy-Zsilinszky utca 71.  (8553227)
Áramszünet miatt ellenőrizni: 9598996. 2022-09-19 - 08:00:00-tól 16:00:00-ig; Bajcsy-Zsilinszky utca - Páros házszám: 4 - 24 => Fadd - Volent-öböl, Tolna - Bajcsy II. node: Tolna  Bajcsy-Zsilinszky utca 71.  (8553227)
Áramszünet miatt ellenőrizni: 9599009. 2022-09-20 - 09:00:00-tól 13:00:00-ig; Ady Endre utca - Páratlan házszám: 19 - 49 => Zomba Ady 1590 node: Zomba  Ady Endre utca 2.  (8567175)
Áramszünet miatt ellenőrizni: 9599010. 2022-09-20 - 09:00:00-tól 13:00:00-ig; Ady Endre utca - Páros házszám: 18 - 30 => Zomba Ady 1590 node: Zomba  Ady Endre utca 2.  (8567175)
